<?xml version="1.0" encoding="UTF-8"?>
<!-- Generated by org.testng.reporters.JUnitXMLReporter -->
<testsuite ignored="0" hostname="Sciencefreek" failures="1" tests="1" name="chromeTest" time="13.617" errors="0" timestamp="2023-12-19T17:03:55 IST">
  <testcase classname="coursera.tests.SignupTest1" name="signupTest" time="0.089">
    <failure type="java.lang.NullPointerException" message="Cannot invoke &amp;quot;com.aventstack.extentreports.ExtentTest.log(com.aventstack.extentreports.Status, String)&amp;quot; because &amp;quot;binance.utils.Reports.extentTest&amp;quot; is null">
      <![CDATA[java.lang.NullPointerException: Cannot invoke "com.aventstack.extentreports.ExtentTest.log(com.aventstack.extentreports.Status, String)" because "binance.utils.Reports.extentTest" is null
at binance.utils.Reports.reportStep(Reports.java:73)
at binance.utils.SeWrappers.waitForElement(SeWrappers.java:357)
at coursera.pages.SignupPage.fullName(SignupPage.java:28)
at coursera.utils.Cowrapper.signup1(Cowrapper.java:14)
at coursera.tests.SignupTest1.signupTest(SignupTest1.java:51)
at java.base/java.util.ArrayList.forEach(ArrayList.java:1511)
... Removed 27 stack frames]]>
    </failure>
  </testcase> <!-- signupTest -->
</testsuite> <!-- chromeTest -->
