<?xml version="1.0" encoding="UTF-8"?>
<testng-results ignored="0" total="1" passed="1" failed="0" skipped="0">
  <reporter-output>
  </reporter-output>
  <suite started-at="2023-12-19T16:56:17 IST" name="Suite" finished-at="2023-12-19T16:56:35 IST" duration-ms="17858">
    <groups>
    </groups>
    <test started-at="2023-12-19T16:56:17 IST" name="chromeTest" finished-at="2023-12-19T16:56:35 IST" duration-ms="17858">
      <class name="coursera.tests.SignupTest1">
        <test-method is-config="true" signature="signUp()[pri:0, instance:coursera.tests.SignupTest1@302552ec]" started-at="2023-12-19T16:56:17 IST" name="signUp" finished-at="2023-12-19T16:56:17 IST" duration-ms="1" status="PASS">
          <reporter-output>
          </reporter-output>
        </test-method> <!-- signUp -->
        <test-method is-config="true" signature="signUP1(java.lang.String,java.lang.String)[pri:0, instance:coursera.tests.SignupTest1@302552ec]" started-at="2023-12-19T16:56:18 IST" name="signUP1" finished-at="2023-12-19T16:56:33 IST" duration-ms="15023" status="PASS">
          <params>
            <param index="0">
              <value>
                <![CDATA[chrome]]>
              </value>
            </param>
            <param index="1">
              <value>
                <![CDATA[https://www.coursera.org/signup]]>
              </value>
            </param>
          </params>
          <reporter-output>
          </reporter-output>
        </test-method> <!-- signUP1 -->
        <test-method signature="signupTest(java.lang.String,java.lang.String,java.lang.String)[pri:0, instance:coursera.tests.SignupTest1@302552ec]" started-at="2023-12-19T16:56:33 IST" name="signupTest" data-provider="getdata" finished-at="2023-12-19T16:56:35 IST" duration-ms="1152" status="PASS">
          <params>
            <param index="0">
              <value>
                <![CDATA[Vignesh P]]>
              </value>
            </param>
            <param index="1">
              <value>
                <![CDATA[vickyphysics1998@gmail.com]]>
              </value>
            </param>
            <param index="2">
              <value>
                <![CDATA[Vignesh@1998]]>
              </value>
            </param>
          </params>
          <reporter-output>
          </reporter-output>
        </test-method> <!-- signupTest -->
      </class> <!-- coursera.tests.SignupTest1 -->
      <class name="coursera.utils.Reports">
        <test-method is-config="true" signature="startReport()[pri:0, instance:coursera.utils.Reports@6f03482]" started-at="2023-12-19T16:56:16 IST" name="startReport" finished-at="2023-12-19T16:56:17 IST" duration-ms="438" status="PASS">
          <reporter-output>
          </reporter-output>
        </test-method> <!-- startReport -->
        <test-method is-config="true" signature="endReport()[pri:0, instance:coursera.utils.Reports@6f03482]" started-at="2023-12-19T16:56:35 IST" name="endReport" finished-at="2023-12-19T16:56:35 IST" duration-ms="845" status="PASS">
          <reporter-output>
          </reporter-output>
        </test-method> <!-- endReport -->
      </class> <!-- coursera.utils.Reports -->
    </test> <!-- chromeTest -->
  </suite> <!-- Suite -->
</testng-results>
